build/outputs/logs/manifest-merger-debug-report.txt
-- Merging decision tree log ---
manifest
ADDED from platforms/android/AndroidManifest.xml:2:1-66:12
	package
		ADDED from platforms/android/AndroidManifest.xml:2:100-139
		INJECTED from platforms/android/AndroidManifest.xml
		INJECTED from platforms/android/AndroidManifest.xml
	android:versionName
		ADDED from platforms/android/AndroidManifest.xml:2:72-99
		INJECTED from platforms/android/AndroidManifest.xml
		INJECTED from platforms/android/AndroidManifest.xml
	android:hardwareAccelerated
		ADDED from platforms/android/AndroidManifest.xml:2:11-45
	android:versionCode
		ADDED from platforms/android/AndroidManifest.xml:2:46-71
		INJECTED from platforms/android/AndroidManifest.xml
		INJECTED from platforms/android/AndroidManifest.xml
	xmlns:android
		ADDED from platforms/android/AndroidManifest.xml:2:140-198
supports-screens
ADDED from platforms/android/AndroidManifest.xml:3:5-191
	android:largeScreens
		ADDED from platforms/android/AndroidManifest.xml:3:49-76
	android:smallScreens
		ADDED from platforms/android/AndroidManifest.xml:3:132-159
	android:normalScreens
		ADDED from platforms/android/AndroidManifest.xml:3:77-105
	android:xlargeScreens
		ADDED from platforms/android/AndroidManifest.xml:3:160-188
	android:resizeable
		ADDED from platforms/android/AndroidManifest.xml:3:106-131
	android:anyDensity
		ADDED from platforms/android/AndroidManifest.xml:3:23-48
uses-permission#android.permission.INTERNET
ADDED from platforms/android/AndroidManifest.xml:4:5-67
MERGED from [com.google.firebase:firebase-crash:11.2.2] AndroidManifest.xml:18:5-66
MERGED from [com.google.firebase:firebase-analytics:11.2.2] AndroidManifest.xml:20:5-66
MERGED from [com.google.firebase:firebase-analytics-impl:11.2.2] AndroidManifest.xml:20:5-66
MERGED from [com.google.firebase:firebase-iid:11.2.2] AndroidManifest.xml:20:5-66
MERGED from [com.onesignal:OneSignal:3.6.3] AndroidManifest.xml:17:5-67
MERGED from [com.google.android.gms:play-services-gcm:11.2.2] AndroidManifest.xml:21:5-66
MERGED from [com.google.android.gms:play-services-iid:11.2.2] AndroidManifest.xml:21:5-66
	android:name
		ADDED from platforms/android/AndroidManifest.xml:4:22-64
application
ADDED from platforms/android/AndroidManifest.xml:5:5-42:19
MERGED from [com.github.ergovia-mobile:android-transcoder:v0.1.10R_ergovia] AndroidManifest.xml:9:5-20
MERGED from [com.google.firebase:firebase-core:11.2.2] AndroidManifest.xml:5:5-20
MERGED from [com.google.firebase:firebase-messaging:11.2.2] AndroidManifest.xml:19:5-29:19
MERGED from [com.google.firebase:firebase-crash:11.2.2] AndroidManifest.xml:22:5-23:19
MERGED from [com.google.firebase:firebase-analytics:11.2.2] AndroidManifest.xml:24:5-34:19
MERGED from [com.google.firebase:firebase-analytics-impl:11.2.2] AndroidManifest.xml:24:5-28:19
MERGED from [com.google.firebase:firebase-config:11.2.2] AndroidManifest.xml:18:5-19
MERGED from [com.google.firebase:firebase-iid:11.2.2] AndroidManifest.xml:28:5-49:19
MERGED from [com.google.firebase:firebase-common:11.2.2] AndroidManifest.xml:4:5-7:19
MERGED from [com.google.android.gms:play-services-auth:11.2.2] AndroidManifest.xml:19:5-25:19
MERGED from [com.google.android.gms:play-services-identity:11.2.2] AndroidManifest.xml:18:5-19
MERGED from [com.onesignal:OneSignal:3.6.3] AndroidManifest.xml:49:5-101:19
MERGED from [com.google.android.gms:play-services-gcm:11.2.2] AndroidManifest.xml:23:5-19
MERGED from [com.google.android.gms:play-services-iid:11.2.2] AndroidManifest.xml:23:5-19
MERGED from [com.google.android.gms:play-services-location:11.2.2] AndroidManifest.xml:4:5-19
MERGED from [com.google.android.gms:play-services-base:11.2.2] AndroidManifest.xml:18:5-20:19
MERGED from [com.google.android.gms:play-services-tasks:11.2.2] AndroidManifest.xml:4:5-19
MERGED from [com.google.android.gms:play-services-basement:11.2.2] AndroidManifest.xml:19:5-21:19
MERGED from [com.facebook.android:facebook-android-sdk:4.33.0] AndroidManifest.xml:28:5-29:19
MERGED from [com.facebook.android:facebook-login:4.33.0] AndroidManifest.xml:28:5-29:19
MERGED from [com.facebook.android:facebook-share:4.33.0] AndroidManifest.xml:28:5-29:19
MERGED from [com.facebook.android:facebook-common:4.33.0] AndroidManifest.xml:28:5-34:19
MERGED from [com.android.support:appcompat-v7:26.1.0] AndroidManifest.xml:25:5-29:19
MERGED from [com.android.support:support-v4:26.1.0] AndroidManifest.xml:25:5-29:19
MERGED from [com.android.support:support-media-compat:26.1.0] AndroidManifest.xml:25:5-29:19
MERGED from [com.android.support:support-fragment:26.1.0] AndroidManifest.xml:25:5-29:19
MERGED from [com.android.support:animated-vector-drawable:26.1.0] AndroidManifest.xml:22:5-26:19
MERGED from [com.android.support:support-vector-drawable:26.1.0] AndroidManifest.xml:22:5-26:19
MERGED from [com.android.support:support-core-ui:26.1.0] AndroidManifest.xml:25:5-29:19
MERGED from [com.android.support:cardview-v7:26.1.0] AndroidManifest.xml:22:5-26:19
MERGED from [com.android.support:customtabs:26.1.0] AndroidManifest.xml:22:5-26:19
MERGED from [com.facebook.android:facebook-places:4.33.0] AndroidManifest.xml:28:5-29:19
MERGED from [com.facebook.android:facebook-applinks:4.33.0] AndroidManifest.xml:28:5-29:19
MERGED from [com.facebook.android:facebook-messenger:4.33.0] AndroidManifest.xml:28:5-29:19
MERGED from [com.facebook.android:facebook-core:4.33.0] AndroidManifest.xml:28:5-51:19
MERGED from [com.android.support:support-core-utils:26.1.0] AndroidManifest.xml:25:5-29:19
MERGED from [com.android.support:support-compat:26.1.0] AndroidManifest.xml:25:5-29:19
MERGED from [android.arch.lifecycle:runtime:1.0.0] AndroidManifest.xml:24:5-28:19
	android:label
		ADDED from platforms/android/AndroidManifest.xml:5:81-113
	android:supportsRtl
		ADDED from platforms/android/AndroidManifest.xml:5:114-140
	android:hardwareAccelerated
		ADDED from platforms/android/AndroidManifest.xml:5:18-52
	android:icon
		ADDED from platforms/android/AndroidManifest.xml:5:53-80
activity#ca.kilton.myprivatecircle.dev.MainActivity
ADDED from platforms/android/AndroidManifest.xml:6:9-11:20
	android:label
		ADDED from platforms/android/AndroidManifest.xml:6:97-134
	android:launchMode
		ADDED from platforms/android/AndroidManifest.xml:6:135-165
	android:windowSoftInputMode
		ADDED from platforms/android/AndroidManifest.xml:6:257-299
	android:configChanges
		ADDED from platforms/android/AndroidManifest.xml:6:19-96
	android:theme
		ADDED from platforms/android/AndroidManifest.xml:6:194-256
	android:name
		ADDED from platforms/android/AndroidManifest.xml:6:166-193
intent-filter#android.intent.action.MAIN+android.intent.category.LAUNCHER
ADDED from platforms/android/AndroidManifest.xml:7:13-10:29
	android:label
		ADDED from platforms/android/AndroidManifest.xml:7:28-65
action#android.intent.action.MAIN
ADDED from platforms/android/AndroidManifest.xml:8:17-69
	android:name
		ADDED from platforms/android/AndroidManifest.xml:8:25-66
category#android.intent.category.LAUNCHER
ADDED from platforms/android/AndroidManifest.xml:9:17-77
	android:name
		ADDED from platforms/android/AndroidManifest.xml:9:27-74
provider#android.support.v4.content.FileProvider
ADDED from platforms/android/AndroidManifest.xml:12:9-14:20
	android:authorities
		ADDED from platforms/android/AndroidManifest.xml:12:19-66
		INJECTED from platforms/android/AndroidManifest.xml
	android:grantUriPermissions
		ADDED from platforms/android/AndroidManifest.xml:12:92-126
	android:exported
		ADDED from platforms/android/AndroidManifest.xml:12:67-91
	android:name
		ADDED from platforms/android/AndroidManifest.xml:12:127-181
meta-data#android.support.FILE_PROVIDER_PATHS
ADDED from platforms/android/AndroidManifest.xml:13:13-116
	android:resource
		ADDED from platforms/android/AndroidManifest.xml:13:75-113
	android:name
		ADDED from platforms/android/AndroidManifest.xml:13:24-74
activity#com.cordovaplugincamerapreview.CameraActivity
ADDED from platforms/android/AndroidManifest.xml:15:9-161
	android:screenOrientation
		ADDED from platforms/android/AndroidManifest.xml:15:80-116
	android:theme
		ADDED from platforms/android/AndroidManifest.xml:15:117-158
	android:name
		ADDED from platforms/android/AndroidManifest.xml:15:19-79
provider#io.github.pwlin.cordova.plugins.fileopener2.FileProvider
ADDED from platforms/android/AndroidManifest.xml:16:9-18:20
	android:authorities
		ADDED from platforms/android/AndroidManifest.xml:16:19-73
		INJECTED from platforms/android/AndroidManifest.xml
	android:grantUriPermissions
		ADDED from platforms/android/AndroidManifest.xml:16:99-133
	android:exported
		ADDED from platforms/android/AndroidManifest.xml:16:74-98
	android:name
		ADDED from platforms/android/AndroidManifest.xml:16:134-205
service#org.apache.cordova.firebase.FirebasePluginMessagingService
ADDED from platforms/android/AndroidManifest.xml:19:9-23:19
	android:name
		ADDED from platforms/android/AndroidManifest.xml:19:18-91
intent-filter#com.google.firebase.MESSAGING_EVENT
ADDED from platforms/android/AndroidManifest.xml:20:13-22:29
action#com.google.firebase.MESSAGING_EVENT
ADDED from platforms/android/AndroidManifest.xml:21:17-78
	android:name
		ADDED from platforms/android/AndroidManifest.xml:21:25-75
service#org.apache.cordova.firebase.FirebasePluginInstanceIDService
ADDED from platforms/android/AndroidManifest.xml:24:9-28:19
	android:name
		ADDED from platforms/android/AndroidManifest.xml:24:18-92
intent-filter#com.google.firebase.INSTANCE_ID_EVENT
ADDED from platforms/android/AndroidManifest.xml:25:13-27:29
action#com.google.firebase.INSTANCE_ID_EVENT
ADDED from platforms/android/AndroidManifest.xml:26:17-80
	android:name
		ADDED from platforms/android/AndroidManifest.xml:26:25-77
receiver#org.apache.cordova.firebase.OnNotificationOpenReceiver
ADDED from platforms/android/AndroidManifest.xml:29:9-91
	android:name
		ADDED from platforms/android/AndroidManifest.xml:29:19-88
amazon:enable-feature
ADDED from platforms/android/AndroidManifest.xml:30:9-159
	xmlns:amazon
		ADDED from platforms/android/AndroidManifest.xml:30:100-156
	android:required
		ADDED from platforms/android/AndroidManifest.xml:30:75-99
	android:name
		ADDED from platforms/android/AndroidManifest.xml:30:32-74
service#com.onesignal.ADMMessageHandler
ADDED from platforms/android/AndroidManifest.xml:31:9-92
	android:exported
		ADDED from platforms/android/AndroidManifest.xml:31:18-42
	android:name
		ADDED from platforms/android/AndroidManifest.xml:31:43-89
receiver#com.onesignal.ADMMessageHandler$Receiver
ADDED from platforms/android/AndroidManifest.xml:32:9-38:20
	android:permission
		ADDED from platforms/android/AndroidManifest.xml:32:75-139
	android:name
		ADDED from platforms/android/AndroidManifest.xml:32:19-74
intent-filter#ca.kilton.myprivatecircle+com.amazon.device.messaging.intent.RECEIVE+com.amazon.device.messaging.intent.REGISTRATION
ADDED from platforms/android/AndroidManifest.xml:33:13-37:29
action#com.amazon.device.messaging.intent.REGISTRATION
ADDED from platforms/android/AndroidManifest.xml:34:17-90
	android:name
		ADDED from platforms/android/AndroidManifest.xml:34:25-87
action#com.amazon.device.messaging.intent.RECEIVE
ADDED from platforms/android/AndroidManifest.xml:35:17-85
	android:name
		ADDED from platforms/android/AndroidManifest.xml:35:25-82
category#ca.kilton.myprivatecircle
ADDED from platforms/android/AndroidManifest.xml:36:17-70
	android:name
		ADDED from platforms/android/AndroidManifest.xml:36:27-67
meta-data#com.facebook.sdk.ApplicationId
ADDED from platforms/android/AndroidManifest.xml:39:9-102
	android:value
		ADDED from platforms/android/AndroidManifest.xml:39:66-99
	android:name
		ADDED from platforms/android/AndroidManifest.xml:39:20-65
meta-data#com.facebook.sdk.ApplicationName
ADDED from platforms/android/AndroidManifest.xml:40:9-106
	android:value
		ADDED from platforms/android/AndroidManifest.xml:40:68-103
	android:name
		ADDED from platforms/android/AndroidManifest.xml:40:20-67
activity#com.facebook.FacebookActivity
ADDED from platforms/android/AndroidManifest.xml:41:9-186
MERGED from [com.facebook.android:facebook-common:4.33.0] AndroidManifest.xml:29:9-32:66
	android:label
		ADDED from platforms/android/AndroidManifest.xml:41:103-138
	android:configChanges
		ADDED from platforms/android/AndroidManifest.xml:41:19-102
	android:theme
		ADDED from [com.facebook.android:facebook-common:4.33.0] AndroidManifest.xml:32:13-63
	android:name
		ADDED from platforms/android/AndroidManifest.xml:41:139-183
uses-sdk
ADDED from platforms/android/AndroidManifest.xml:43:5-74
MERGED from [me.leolin:ShortcutBadger:1.1.4] AndroidManifest.xml:7:5-9:41
MERGED from [com.github.ergovia-mobile:android-transcoder:v0.1.10R_ergovia] AndroidManifest.xml:5:5-7:41
MERGED from [com.google.firebase:firebase-core:11.2.2] AndroidManifest.xml:4:5-43
MERGED from [com.google.firebase:firebase-messaging:11.2.2] AndroidManifest.xml:17:5-43
MERGED from [com.google.firebase:firebase-crash:11.2.2] AndroidManifest.xml:20:5-43
MERGED from [com.google.firebase:firebase-analytics:11.2.2] AndroidManifest.xml:17:5-43
MERGED from [com.google.firebase:firebase-analytics-impl:11.2.2] AndroidManifest.xml:17:5-43
MERGED from [com.google.firebase:firebase-config:11.2.2] AndroidManifest.xml:17:5-43
MERGED from [com.google.firebase:firebase-iid:11.2.2] AndroidManifest.xml:17:5-43
MERGED from [com.google.firebase:firebase-common:11.2.2] AndroidManifest.xml:3:5-43
MERGED from [com.google.android.gms:play-services-auth:11.2.2] AndroidManifest.xml:17:5-43
MERGED from [com.google.android.gms:play-services-auth-api-phone:11.2.2] AndroidManifest.xml:3:3-41
MERGED from [com.google.android.gms:play-services-auth-base:11.2.2] AndroidManifest.xml:4:5-43
MERGED from [com.google.android.gms:play-services-identity:11.2.2] AndroidManifest.xml:17:5-43
MERGED from [com.onesignal:OneSignal:3.6.3] AndroidManifest.xml:5:5-44
MERGED from [com.google.android.gms:play-services-gcm:11.2.2] AndroidManifest.xml:17:5-43
MERGED from [com.google.android.gms:play-services-iid:11.2.2] AndroidManifest.xml:17:5-43
MERGED from [com.google.android.gms:play-services-location:11.2.2] AndroidManifest.xml:3:5-43
MERGED from [com.google.android.gms:play-services-base:11.2.2] AndroidManifest.xml:17:5-43
MERGED from [com.google.android.gms:play-services-tasks:11.2.2] AndroidManifest.xml:3:5-43
MERGED from [com.google.android.gms:play-services-basement:11.2.2] AndroidManifest.xml:17:5-43
MERGED from [com.facebook.android:facebook-android-sdk:4.33.0] AndroidManifest.xml:24:5-26:41
MERGED from [com.facebook.android:facebook-login:4.33.0] AndroidManifest.xml:24:5-26:41
MERGED from [com.facebook.android:facebook-share:4.33.0] AndroidManifest.xml:24:5-26:41
MERGED from [com.facebook.android:facebook-common:4.33.0] AndroidManifest.xml:24:5-26:41
MERGED from [com.android.support:appcompat-v7:26.1.0] AndroidManifest.xml:21:5-23:78
MERGED from [com.android.support:support-v4:26.1.0] AndroidManifest.xml:21:5-23:54
MERGED from [com.android.support:support-media-compat:26.1.0] AndroidManifest.xml:21:5-23:63
MERGED from [com.android.support:support-fragment:26.1.0] AndroidManifest.xml:21:5-23:60
MERGED from [com.android.support:animated-vector-drawable:26.1.0] AndroidManifest.xml:20:5-44
MERGED from [com.android.support:support-vector-drawable:26.1.0] AndroidManifest.xml:20:5-44
MERGED from [com.android.support:support-core-ui:26.1.0] AndroidManifest.xml:21:5-23:58
MERGED from [com.android.support:cardview-v7:26.1.0] AndroidManifest.xml:20:5-44
MERGED from [com.android.support:customtabs:26.1.0] AndroidManifest.xml:20:5-44
MERGED from [com.facebook.android:facebook-places:4.33.0] AndroidManifest.xml:24:5-26:41
MERGED from [com.facebook.android:facebook-applinks:4.33.0] AndroidManifest.xml:24:5-26:41
MERGED from [com.facebook.android:facebook-messenger:4.33.0] AndroidManifest.xml:24:5-26:41
MERGED from [com.facebook.android:facebook-core:4.33.0] AndroidManifest.xml:24:5-26:41
MERGED from [com.android.support:support-core-utils:26.1.0] AndroidManifest.xml:21:5-23:61
MERGED from [com.android.support:support-compat:26.1.0] AndroidManifest.xml:21:5-23:58
MERGED from [android.arch.lifecycle:runtime:1.0.0] AndroidManifest.xml:20:5-22:41
MERGED from [org.apache.cordova:CordovaLib:6.3.0:debug] AndroidManifest.xml:25:5-44
	tools:overrideLibrary
		ADDED from [com.android.support:appcompat-v7:26.1.0] AndroidManifest.xml:23:9-75
	android:targetSdkVersion
		ADDED from platforms/android/AndroidManifest.xml:43:42-71
	android:minSdkVersion
		ADDED from platforms/android/AndroidManifest.xml:43:15-41
uses-permission#android.permission.CAMERA
ADDED from platforms/android/AndroidManifest.xml:44:5-65
	android:name
		ADDED from platforms/android/AndroidManifest.xml:44:22-62
uses-permission#android.permission.RECORD_AUDIO
ADDED from platforms/android/AndroidManifest.xml:45:5-71
	android:name
		ADDED from platforms/android/AndroidManifest.xml:45:22-68
uses-permission#android.permission.WAKE_LOCK
ADDED from platforms/android/AndroidManifest.xml:46:5-68
MERGED from [com.google.firebase:firebase-analytics:11.2.2] AndroidManifest.xml:22:5-67
MERGED from [com.google.firebase:firebase-analytics-impl:11.2.2] AndroidManifest.xml:22:5-67
MERGED from [com.google.firebase:firebase-iid:11.2.2] AndroidManifest.xml:21:5-67
MERGED from [com.onesignal:OneSignal:3.6.3] AndroidManifest.xml:19:5-68
	android:name
		ADDED from platforms/android/AndroidManifest.xml:46:22-65
uses-permission#android.permission.MODIFY_AUDIO_SETTINGS
ADDED from platforms/android/AndroidManifest.xml:47:5-80
	android:name
		ADDED from platforms/android/AndroidManifest.xml:47:22-77
uses-feature#android.hardware.camera
ADDED from platforms/android/AndroidManifest.xml:48:5-84
	android:required
		ADDED from platforms/android/AndroidManifest.xml:48:58-81
	android:name
		ADDED from platforms/android/AndroidManifest.xml:48:19-57
uses-feature#android.hardware.camera.autofocus
ADDED from platforms/android/AndroidManifest.xml:49:5-94
	android:required
		ADDED from platforms/android/AndroidManifest.xml:49:68-91
	android:name
		ADDED from platforms/android/AndroidManifest.xml:49:19-67
uses-permission#android.permission.WRITE_EXTERNAL_STORAGE
ADDED from platforms/android/AndroidManifest.xml:50:5-81
	android:name
		ADDED from platforms/android/AndroidManifest.xml:50:22-78
uses-permission#android.permission.READ_CONTACTS
ADDED from platforms/android/AndroidManifest.xml:51:5-72
	android:name
		ADDED from platforms/android/AndroidManifest.xml:51:22-69
uses-permission#android.permission.WRITE_CONTACTS
ADDED from platforms/android/AndroidManifest.xml:52:5-73
	android:name
		ADDED from platforms/android/AndroidManifest.xml:52:22-70
uses-permission#android.permission.GET_ACCOUNTS
ADDED from platforms/android/AndroidManifest.xml:53:5-71
	android:name
		ADDED from platforms/android/AndroidManifest.xml:53:22-68
uses-permission#android.permission.READ_EXTERNAL_STORAGE
ADDED from platforms/android/AndroidManifest.xml:54:5-80
	android:name
		ADDED from platforms/android/AndroidManifest.xml:54:22-77
uses-permission#android.permission.ACCESS_NETWORK_STATE
ADDED from platforms/android/AndroidManifest.xml:55:5-79
MERGED from [com.google.firebase:firebase-analytics:11.2.2] AndroidManifest.xml:21:5-78
MERGED from [com.google.firebase:firebase-analytics-impl:11.2.2] AndroidManifest.xml:21:5-78
MERGED from [com.google.firebase:firebase-iid:11.2.2] AndroidManifest.xml:19:5-78
MERGED from [com.onesignal:OneSignal:3.6.3] AndroidManifest.xml:25:5-79
	android:name
		ADDED from platforms/android/AndroidManifest.xml:55:22-76
uses-permission#android.permission.ACCESS_COARSE_LOCATION
ADDED from platforms/android/AndroidManifest.xml:56:5-81
	android:name
		ADDED from platforms/android/AndroidManifest.xml:56:22-78
uses-permission#android.permission.ACCESS_FINE_LOCATION
ADDED from platforms/android/AndroidManifest.xml:57:5-79
	android:name
		ADDED from platforms/android/AndroidManifest.xml:57:22-76
uses-feature#android.hardware.location.gps
ADDED from platforms/android/AndroidManifest.xml:58:5-66
	android:name
		ADDED from platforms/android/AndroidManifest.xml:58:19-63
uses-permission#android.permission.USE_CREDENTIALS
ADDED from platforms/android/AndroidManifest.xml:59:5-74
	android:name
		ADDED from platforms/android/AndroidManifest.xml:59:22-71
uses-permission#android.permission.READ_PHONE_STATE
ADDED from platforms/android/AndroidManifest.xml:60:5-75
	android:name
		ADDED from platforms/android/AndroidManifest.xml:60:22-72
uses-permission#android.permission.RECORD_VIDEO
ADDED from platforms/android/AndroidManifest.xml:61:5-71
	android:name
		ADDED from platforms/android/AndroidManifest.xml:61:22-68
uses-permission#android.permission.BLUETOOTH
ADDED from platforms/android/AndroidManifest.xml:62:5-68
	android:name
		ADDED from platforms/android/AndroidManifest.xml:62:22-65
uses-permission#com.amazon.device.messaging.permission.RECEIVE
ADDED from platforms/android/AndroidManifest.xml:63:5-86
	android:name
		ADDED from platforms/android/AndroidManifest.xml:63:22-83
permission#ca.kilton.myprivatecircle.permission.RECEIVE_ADM_MESSAGE
ADDED from platforms/android/AndroidManifest.xml:64:5-127
	android:protectionLevel
		ADDED from platforms/android/AndroidManifest.xml:64:89-124
	android:name
		ADDED from platforms/android/AndroidManifest.xml:64:17-88
uses-permission#ca.kilton.myprivatecircle.permission.RECEIVE_ADM_MESSAGE
ADDED from platforms/android/AndroidManifest.xml:65:5-96
	android:name
		ADDED from platforms/android/AndroidManifest.xml:65:22-93
uses-permission#com.sec.android.provider.badge.permission.READ
ADDED from [me.leolin:ShortcutBadger:1.1.4] AndroidManifest.xml:19:5-86
MERGED from [com.onesignal:OneSignal:3.6.3] AndroidManifest.xml:32:5-86
	android:name
		ADDED from [me.leolin:ShortcutBadger:1.1.4] AndroidManifest.xml:19:22-83
uses-permission#com.sec.android.provider.badge.permission.WRITE
ADDED from [me.leolin:ShortcutBadger:1.1.4] AndroidManifest.xml:20:5-87
MERGED from [com.onesignal:OneSignal:3.6.3] AndroidManifest.xml:33:5-87
	android:name
		ADDED from [me.leolin:ShortcutBadger:1.1.4] AndroidManifest.xml:20:22-84
uses-permission#com.htc.launcher.permission.READ_SETTINGS
ADDED from [me.leolin:ShortcutBadger:1.1.4] AndroidManifest.xml:23:5-81
MERGED from [com.onesignal:OneSignal:3.6.3] AndroidManifest.xml:34:5-81
	android:name
		ADDED from [me.leolin:ShortcutBadger:1.1.4] AndroidManifest.xml:23:22-78
uses-permission#com.htc.launcher.permission.UPDATE_SHORTCUT
ADDED from [me.leolin:ShortcutBadger:1.1.4] AndroidManifest.xml:24:5-83
MERGED from [com.onesignal:OneSignal:3.6.3] AndroidManifest.xml:35:5-83
	android:name
		ADDED from [me.leolin:ShortcutBadger:1.1.4] AndroidManifest.xml:24:22-80
uses-permission#com.sonyericsson.home.permission.BROADCAST_BADGE
ADDED from [me.leolin:ShortcutBadger:1.1.4] AndroidManifest.xml:27:5-88
MERGED from [com.onesignal:OneSignal:3.6.3] AndroidManifest.xml:36:5-88
	android:name
		ADDED from [me.leolin:ShortcutBadger:1.1.4] AndroidManifest.xml:27:22-85
uses-permission#com.anddoes.launcher.permission.UPDATE_COUNT
ADDED from [me.leolin:ShortcutBadger:1.1.4] AndroidManifest.xml:30:5-84
MERGED from [com.onesignal:OneSignal:3.6.3] AndroidManifest.xml:38:5-84
	android:name
		ADDED from [me.leolin:ShortcutBadger:1.1.4] AndroidManifest.xml:30:22-81
uses-permission#com.majeur.launcher.permission.UPDATE_BADGE
ADDED from [me.leolin:ShortcutBadger:1.1.4] AndroidManifest.xml:33:5-83
MERGED from [com.onesignal:OneSignal:3.6.3] AndroidManifest.xml:39:5-83
	android:name
		ADDED from [me.leolin:ShortcutBadger:1.1.4] AndroidManifest.xml:33:22-80
service#com.google.firebase.messaging.FirebaseMessagingService
ADDED from [com.google.firebase:firebase-messaging:11.2.2] AndroidManifest.xml:23:9-27:19
	android:exported
		ADDED from [com.google.firebase:firebase-messaging:11.2.2] AndroidManifest.xml:23:88-111
	android:name
		ADDED from [com.google.firebase:firebase-messaging:11.2.2] AndroidManifest.xml:23:18-87
receiver#com.google.android.gms.measurement.AppMeasurementReceiver
ADDED from [com.google.firebase:firebase-analytics:11.2.2] AndroidManifest.xml:25:7-26:18
MERGED from [com.google.firebase:firebase-analytics-impl:11.2.2] AndroidManifest.xml:25:7-26:18
	android:enabled
		ADDED from [com.google.firebase:firebase-analytics:11.2.2] AndroidManifest.xml:25:90-112
	android:exported
		ADDED from [com.google.firebase:firebase-analytics:11.2.2] AndroidManifest.xml:25:113-137
	android:name
		ADDED from [com.google.firebase:firebase-analytics:11.2.2] AndroidManifest.xml:25:17-89
receiver#com.google.android.gms.measurement.AppMeasurementInstallReferrerReceiver
ADDED from [com.google.firebase:firebase-analytics:11.2.2] AndroidManifest.xml:27:7-31:18
	android:enabled
		ADDED from [com.google.firebase:firebase-analytics:11.2.2] AndroidManifest.xml:27:162-184
	android:exported
		ADDED from [com.google.firebase:firebase-analytics:11.2.2] AndroidManifest.xml:27:185-208
	android:permission
		ADDED from [com.google.firebase:firebase-analytics:11.2.2] AndroidManifest.xml:27:105-161
	android:name
		ADDED from [com.google.firebase:firebase-analytics:11.2.2] AndroidManifest.xml:27:17-104
intent-filter#com.android.vending.INSTALL_REFERRER
ADDED from [com.google.firebase:firebase-analytics:11.2.2] AndroidManifest.xml:28:11-30:27
action#com.android.vending.INSTALL_REFERRER
ADDED from [com.google.firebase:firebase-analytics:11.2.2] AndroidManifest.xml:29:15-76
	android:name
		ADDED from [com.google.firebase:firebase-analytics:11.2.2] AndroidManifest.xml:29:23-74
service#com.google.android.gms.measurement.AppMeasurementService
ADDED from [com.google.firebase:firebase-analytics:11.2.2] AndroidManifest.xml:32:7-137
MERGED from [com.google.firebase:firebase-analytics-impl:11.2.2] AndroidManifest.xml:27:7-137
	android:enabled
		ADDED from [com.google.firebase:firebase-analytics:11.2.2] AndroidManifest.xml:32:88-110
	android:exported
		ADDED from [com.google.firebase:firebase-analytics:11.2.2] AndroidManifest.xml:32:111-135
	android:name
		ADDED from [com.google.firebase:firebase-analytics:11.2.2] AndroidManifest.xml:32:16-87
service#com.google.android.gms.measurement.AppMeasurementJobService
ADDED from [com.google.firebase:firebase-analytics:11.2.2] AndroidManifest.xml:33:7-197
	android:enabled
		ADDED from [com.google.firebase:firebase-analytics:11.2.2] AndroidManifest.xml:33:148-170
	android:exported
		ADDED from [com.google.firebase:firebase-analytics:11.2.2] AndroidManifest.xml:33:171-195
	android:permission
		ADDED from [com.google.firebase:firebase-analytics:11.2.2] AndroidManifest.xml:33:91-147
	android:name
		ADDED from [com.google.firebase:firebase-analytics:11.2.2] AndroidManifest.xml:33:16-90
uses-permission#com.google.android.c2dm.permission.RECEIVE
ADDED from [com.google.firebase:firebase-iid:11.2.2] AndroidManifest.xml:22:5-81
MERGED from [com.onesignal:OneSignal:3.6.3] AndroidManifest.xml:18:5-82
MERGED from [com.google.android.gms:play-services-gcm:11.2.2] AndroidManifest.xml:20:5-81
MERGED from [com.google.android.gms:play-services-iid:11.2.2] AndroidManifest.xml:20:5-81
	android:name
		ADDED from [com.google.firebase:firebase-iid:11.2.2] AndroidManifest.xml:22:22-79
permission#${applicationId}.permission.C2D_MESSAGE
ADDED from [com.google.firebase:firebase-iid:11.2.2] AndroidManifest.xml:24:5-109
	android:protectionLevel
		ADDED from [com.google.firebase:firebase-iid:11.2.2] AndroidManifest.xml:24:72-107
	android:name
		ADDED from [com.google.firebase:firebase-iid:11.2.2] AndroidManifest.xml:24:17-71
uses-permission#${applicationId}.permission.C2D_MESSAGE
ADDED from [com.google.firebase:firebase-iid:11.2.2] AndroidManifest.xml:26:5-78
	android:name
		ADDED from [com.google.firebase:firebase-iid:11.2.2] AndroidManifest.xml:26:22-76
receiver#com.google.firebase.iid.FirebaseInstanceIdReceiver
ADDED from [com.google.firebase:firebase-iid:11.2.2] AndroidManifest.xml:30:9-35:20
	android:exported
		ADDED from [com.google.firebase:firebase-iid:11.2.2] AndroidManifest.xml:30:85-108
	android:permission
		ADDED from [com.google.firebase:firebase-iid:11.2.2] AndroidManifest.xml:30:109-169
	android:name
		ADDED from [com.google.firebase:firebase-iid:11.2.2] AndroidManifest.xml:30:19-84
intent-filter#${applicationId}+com.google.android.c2dm.intent.RECEIVE
ADDED from [com.google.firebase:firebase-iid:11.2.2] AndroidManifest.xml:31:13-34:29
action#com.google.android.c2dm.intent.RECEIVE
ADDED from [com.google.firebase:firebase-iid:11.2.2] AndroidManifest.xml:32:17-80
	android:name
		ADDED from [com.google.firebase:firebase-iid:11.2.2] AndroidManifest.xml:32:25-78
category#${applicationId}
ADDED from [com.google.firebase:firebase-iid:11.2.2] AndroidManifest.xml:33:17-60
	android:name
		ADDED from [com.google.firebase:firebase-iid:11.2.2] AndroidManifest.xml:33:27-58
receiver#com.google.firebase.iid.FirebaseInstanceIdInternalReceiver
ADDED from [com.google.firebase:firebase-iid:11.2.2] AndroidManifest.xml:39:9-119
	android:exported
		ADDED from [com.google.firebase:firebase-iid:11.2.2] AndroidManifest.xml:39:93-117
	android:name
		ADDED from [com.google.firebase:firebase-iid:11.2.2] AndroidManifest.xml:39:19-92
service#com.google.firebase.iid.FirebaseInstanceIdService
ADDED from [com.google.firebase:firebase-iid:11.2.2] AndroidManifest.xml:43:9-47:19
	android:exported
		ADDED from [com.google.firebase:firebase-iid:11.2.2] AndroidManifest.xml:43:83-106
	android:name
		ADDED from [com.google.firebase:firebase-iid:11.2.2] AndroidManifest.xml:43:18-82
provider#com.google.firebase.provider.FirebaseInitProvider
ADDED from [com.google.firebase:firebase-common:11.2.2] AndroidManifest.xml:6:9-194
	android:authorities
		ADDED from [com.google.firebase:firebase-common:11.2.2] AndroidManifest.xml:6:19-78
	android:exported
		ADDED from [com.google.firebase:firebase-common:11.2.2] AndroidManifest.xml:6:144-168
	android:initOrder
		ADDED from [com.google.firebase:firebase-common:11.2.2] AndroidManifest.xml:6:169-192
	android:name
		ADDED from [com.google.firebase:firebase-common:11.2.2] AndroidManifest.xml:6:79-143